<?xml version="1.0" encoding="UTF-8"?>
<testsuite name="org.example.eventmanagement.EventmanagementApplicationTests" tests="1" skipped="0" failures="0" errors="0" timestamp="2025-05-08T20:19:21" hostname="ACER7" time="1.672">
  <properties/>
  <testcase name="contextLoads()" classname="org.example.eventmanagement.EventmanagementApplicationTests" time="1.672"/>
  <system-out><![CDATA[Standard Commons Logging discovery in action with spring-jcl: please remove commons-logging.jar from classpath in order to avoid potential conflicts
01:49:07.322 [Test worker] INFO org.springframework.test.context.support.AnnotationConfigContextLoaderUtils -- Could not detect default configuration classes for test class [org.example.eventmanagement.EventmanagementApplicationTests]: EventmanagementApplicationTests does not declare any static, non-private, non-final, nested classes annotated with @Configuration.
01:49:07.598 [Test worker] INFO org.springframework.boot.test.context.SpringBootTestContextBootstrapper -- Found @SpringBootConfiguration org.example.eventmanagement.EventmanagementApplication for test class org.example.eventmanagement.EventmanagementApplicationTests

  .   ____          _            __ _ _
 /\\ / ___'_ __ _ _(_)_ __  __ _ \ \ \ \
( ( )\___ | '_ | '_| | '_ \/ _` | \ \ \ \
 \\/  ___)| |_)| | | | | || (_| |  ) ) ) )
  '  |____| .__|_| |_|_| |_\__, | / / / /
 =========|_|==============|___/=/_/_/_/

 :: Spring Boot ::                (v3.4.1)

2025-05-09T01:49:08.512+05:30  INFO 21560 --- [eventmanagement] [    Test worker] o.e.e.EventmanagementApplicationTests    : Starting EventmanagementApplicationTests using Java 17.0.9 with PID 21560 (started by shiva in C:\Users\shiva\Downloads\eventmanagement)
2025-05-09T01:49:08.515+05:30  INFO 21560 --- [eventmanagement] [    Test worker] o.e.e.EventmanagementApplicationTests    : No active profile set, falling back to 1 default profile: "default"
2025-05-09T01:49:09.864+05:30  INFO 21560 --- [eventmanagement] [    Test worker] .s.d.r.c.RepositoryConfigurationDelegate : Multiple Spring Data modules found, entering strict repository configuration mode
2025-05-09T01:49:09.868+05:30  INFO 21560 --- [eventmanagement] [    Test worker] .s.d.r.c.RepositoryConfigurationDelegate : Bootstrapping Spring Data JDBC repositories in DEFAULT mode.
2025-05-09T01:49:09.933+05:30  INFO 21560 --- [eventmanagement] [    Test worker] .RepositoryConfigurationExtensionSupport : Spring Data JDBC - Could not safely identify store assignment for repository candidate interface org.example.eventmanagement.repository.EventpostRepository; If you want this repository to be a JDBC repository, consider annotating your entities with one of these annotations: org.springframework.data.relational.core.mapping.Table.
2025-05-09T01:49:09.939+05:30  INFO 21560 --- [eventmanagement] [    Test worker] .RepositoryConfigurationExtensionSupport : Spring Data JDBC - Could not safely identify store assignment for repository candidate interface org.example.eventmanagement.repository.Feedbackrepository; If you want this repository to be a JDBC repository, consider annotating your entities with one of these annotations: org.springframework.data.relational.core.mapping.Table.
2025-05-09T01:49:09.941+05:30  INFO 21560 --- [eventmanagement] [    Test worker] .RepositoryConfigurationExtensionSupport : Spring Data JDBC - Could not safely identify store assignment for repository candidate interface org.example.eventmanagement.repository.Historyrepository; If you want this repository to be a JDBC repository, consider annotating your entities with one of these annotations: org.springframework.data.relational.core.mapping.Table.
2025-05-09T01:49:09.944+05:30  INFO 21560 --- [eventmanagement] [    Test worker] .RepositoryConfigurationExtensionSupport : Spring Data JDBC - Could not safely identify store assignment for repository candidate interface org.example.eventmanagement.repository.StatusRepository; If you want this repository to be a JDBC repository, consider annotating your entities with one of these annotations: org.springframework.data.relational.core.mapping.Table.
2025-05-09T01:49:09.949+05:30  INFO 21560 --- [eventmanagement] [    Test worker] .RepositoryConfigurationExtensionSupport : Spring Data JDBC - Could not safely identify store assignment for repository candidate interface org.example.eventmanagement.repository.UserRepository; If you want this repository to be a JDBC repository, consider annotating your entities with one of these annotations: org.springframework.data.relational.core.mapping.Table.
2025-05-09T01:49:09.952+05:30  INFO 21560 --- [eventmanagement] [    Test worker] .s.d.r.c.RepositoryConfigurationDelegate : Finished Spring Data repository scanning in 71 ms. Found 0 JDBC repository interfaces.
2025-05-09T01:49:09.974+05:30  INFO 21560 --- [eventmanagement] [    Test worker] .s.d.r.c.RepositoryConfigurationDelegate : Multiple Spring Data modules found, entering strict repository configuration mode
2025-05-09T01:49:09.976+05:30  INFO 21560 --- [eventmanagement] [    Test worker] .s.d.r.c.RepositoryConfigurationDelegate : Bootstrapping Spring Data JPA repositories in DEFAULT mode.
2025-05-09T01:49:10.038+05:30  INFO 21560 --- [eventmanagement] [    Test worker] .s.d.r.c.RepositoryConfigurationDelegate : Finished Spring Data repository scanning in 51 ms. Found 5 JPA repository interfaces.
2025-05-09T01:49:10.817+05:30  INFO 21560 --- [eventmanagement] [    Test worker] o.hibernate.jpa.internal.util.LogHelper  : HHH000204: Processing PersistenceUnitInfo [name: default]
2025-05-09T01:49:10.940+05:30  INFO 21560 --- [eventmanagement] [    Test worker] org.hibernate.Version                    : HHH000412: Hibernate ORM core version 6.6.4.Final
2025-05-09T01:49:11.008+05:30  INFO 21560 --- [eventmanagement] [    Test worker] o.h.c.internal.RegionFactoryInitiator    : HHH000026: Second-level cache disabled
2025-05-09T01:49:11.874+05:30  INFO 21560 --- [eventmanagement] [    Test worker] o.s.o.j.p.SpringPersistenceUnitInfo      : No LoadTimeWeaver setup: ignoring JPA class transformer
2025-05-09T01:49:11.924+05:30  INFO 21560 --- [eventmanagement] [    Test worker] com.zaxxer.hikari.HikariDataSource       : HikariPool-1 - Starting...
2025-05-09T01:49:13.066+05:30  INFO 21560 --- [eventmanagement] [    Test worker] com.zaxxer.hikari.pool.HikariPool        : HikariPool-1 - Added connection com.mysql.cj.jdbc.ConnectionImpl@362be0cd
2025-05-09T01:49:13.072+05:30  INFO 21560 --- [eventmanagement] [    Test worker] com.zaxxer.hikari.HikariDataSource       : HikariPool-1 - Start completed.
2025-05-09T01:49:13.272+05:30  WARN 21560 --- [eventmanagement] [    Test worker] org.hibernate.orm.deprecation            : HHH90000025: MySQL8Dialect does not need to be specified explicitly using 'hibernate.dialect' (remove the property setting and it will be selected by default)
2025-05-09T01:49:13.277+05:30  WARN 21560 --- [eventmanagement] [    Test worker] org.hibernate.orm.deprecation            : HHH90000026: MySQL8Dialect has been deprecated; use org.hibernate.dialect.MySQLDialect instead
2025-05-09T01:49:13.325+05:30  INFO 21560 --- [eventmanagement] [    Test worker] org.hibernate.orm.connections.pooling    : HHH10001005: Database info:
	Database JDBC URL [Connecting through datasource 'HikariDataSource (HikariPool-1)']
	Database driver: undefined/unknown
	Database version: 8.0
	Autocommit mode: undefined/unknown
	Isolation level: undefined/unknown
	Minimum pool size: undefined/unknown
	Maximum pool size: undefined/unknown
2025-05-09T01:49:15.994+05:30  INFO 21560 --- [eventmanagement] [    Test worker] o.h.e.t.j.p.i.JtaPlatformInitiator       : HHH000489: No JTA platform available (set 'hibernate.transaction.jta.platform' to enable JTA platform integration)
2025-05-09T01:49:16.305+05:30  INFO 21560 --- [eventmanagement] [    Test worker] j.LocalContainerEntityManagerFactoryBean : Initialized JPA EntityManagerFactory for persistence unit 'default'
2025-05-09T01:49:17.271+05:30  INFO 21560 --- [eventmanagement] [    Test worker] o.s.d.j.r.query.QueryEnhancerFactory     : Hibernate is in classpath; If applicable, HQL parser will be used.
2025-05-09T01:49:19.485+05:30  WARN 21560 --- [eventmanagement] [    Test worker] JpaBaseConfiguration$JpaWebConfiguration : spring.jpa.open-in-view is enabled by default. Therefore, database queries may be performed during view rendering. Explicitly configure spring.jpa.open-in-view to disable this warning
2025-05-09T01:49:19.568+05:30  WARN 21560 --- [eventmanagement] [    Test worker] .s.s.UserDetailsServiceAutoConfiguration : 

Using generated security password: 352163ad-f219-4832-8957-a861f47f3710

This generated password is for development use only. Your security configuration must be updated before running your application in production.

2025-05-09T01:49:19.591+05:30  INFO 21560 --- [eventmanagement] [    Test worker] r$InitializeUserDetailsManagerConfigurer : Global AuthenticationManager configured with UserDetailsService bean with name inMemoryUserDetailsManager
2025-05-09T01:49:21.577+05:30  INFO 21560 --- [eventmanagement] [    Test worker] o.e.e.EventmanagementApplicationTests    : Started EventmanagementApplicationTests in 13.63 seconds (process running for 16.761)
]]></system-out>
  <system-err><![CDATA[]]></system-err>
</testsuite>
